[gracethemes.com/demo/medplus/index.html]
[backblue.gif]
[fade.gif]
[index.html]
[gracethemes.com/demo/medplus/wp-content/themes/medplus-pro/style45f6.css]
[gracethemes.com/demo/medplus/feed/index.html]
[gracethemes.com/demo/medplus/comments/feed/index.html]
[gracethemes.com/demo/medplus/wp-content/themes/medplus-pro/editor-style45f6.css]
[gracethemes.com/demo/medplus/wp-content/themes/medplus-pro/css/default45f6.css]
[gracethemes.com/demo/medplus/wp-content/themes/medplus-pro/css/nivo-slider45f6.css]
[gracethemes.com/demo/medplus/wp-content/themes/medplus-pro/css/prettyPhoto45f6.css]
[gracethemes.com/demo/medplus/wp-content/themes/medplus-pro/css/font-awesome45f6.css]
[gracethemes.com/demo/medplus/wp-content/themes/medplus-pro/css/animation45f6.css]
[gracethemes.com/demo/medplus/wp-content/themes/medplus-pro/testimonialsrotator/js/tm-rotator45f6.css]
[gracethemes.com/demo/medplus/wp-content/themes/medplus-pro/css/responsive45f6.css]
[gracethemes.com/demo/medplus/wp-content/themes/medplus-pro/testimonialsrotator/js/owl.carousel45f6.css]
[gracethemes.com/demo/medplus/wp-includes/js/jquery/jqueryb8ff.js]
[gracethemes.com/demo/medplus/wp-includes/js/jquery/jquery-migrate.min330a.js]
[gracethemes.com/demo/medplus/wp-content/themes/medplus-pro/js/jquery.nivo.slider45f6.js]
[gracethemes.com/demo/medplus/wp-content/themes/medplus-pro/js/jquery.prettyPhoto45f6.js]
[gracethemes.com/demo/medplus/wp-content/themes/medplus-pro/js/custom45f6.js]
[gracethemes.com/demo/medplus/wp-content/themes/medplus-pro/js/smooth-scroll45f6.js]
[gracethemes.com/demo/medplus/wp-content/themes/medplus-pro/js/filter-gallery45f6.js]
[gracethemes.com/demo/medplus/wp-content/themes/medplus-pro/testimonialsrotator/js/jquery.quovolver.min45f6.js]
[gracethemes.com/demo/medplus/wp-content/themes/medplus-pro/testimonialsrotator/js/bootstrap45f6.js]
[gracethemes.com/demo/medplus/wp-content/themes/medplus-pro/testimonialsrotator/js/owl.carousel45f6.js]
[gracethemes.com/demo/medplus/wp-content/themes/medplus-pro/counter/js/jquery.counterup.min45f6.js]
[gracethemes.com/demo/medplus/wp-content/themes/medplus-pro/counter/js/waypoints.min45f6.js]
[gracethemes.com/demo/medplus/wp-content/themes/medplus-pro/js/custom-animation45f6.js]
[gracethemes.com/demo/medplus/xmlrpc0db0.php]
[gracethemes.com/demo/medplus/wp-json/index.html]
[gracethemes.com/demo/medplus/wp-includes/wlwmanifest.xml]
[gracethemes.com/demo/medplus/wp-content/themes/medplus-pro/images/logo.png]
[gracethemes.com/demo/medplus/about/index.html]
[gracethemes.com/demo/medplus/services/index.html]
[gracethemes.com/demo/medplus/wp-content/themes/medplus-pro/images/slides/slider1.jpg]
[gracethemes.com/demo/medplus/full-width/index.html]
[gracethemes.com/demo/medplus/right-sidebar/index.html]
[gracethemes.com/demo/medplus/left-sidebar/index.html]
[gracethemes.com/demo/medplus/no-sidebar/index.html]
[gracethemes.com/demo/medplus/blog-left-sidebar/index.html]
[gracethemes.com/demo/medplus/blog-full-width/index.html]
[gracethemes.com/demo/medplus/blog-right-sidebar/index.html]
[gracethemes.com/demo/medplus/wp-content/themes/medplus-pro/images/slides/slider2.jpg]
[gracethemes.com/demo/medplus/blog-no-sidebar/index.html]
[gracethemes.com/demo/medplus/portfolio/index.html]
[gracethemes.com/demo/medplus/contact-us/index.html]
[gracethemes.com/demo/medplus/wp-content/themes/medplus-pro/images/slides/slider3.jpg]
[gracethemes.com/demo/medplus/wp-content/themes/medplus-pro/images/slides/slider4.jpg]
[gracethemes.com/demo/medplus/wp-content/themes/medplus-pro/images/services-icon1.png]
[gracethemes.com/demo/medplus/wp-content/themes/medplus-pro/images/services-icon2.png]
[gracethemes.com/demo/medplus/wp-content/themes/medplus-pro/images/services-icon3.png]
[gracethemes.com/demo/medplus/wp-content/themes/medplus-pro/images/services-icon4.png]
[gracethemes.com/demo/medplus/wp-content/themes/medplus-pro/images/buynowbg.jpg]
[gracethemes.com/demo/medplus/wp-content/themes/medplus-pro/images/doctoricon.png]
[gracethemes.com/demo/medplus/our-doctors/dr-merexi-windrop/index.html]
[gracethemes.com/demo/medplus/wp-content/uploads/2015/12/doctor1.jpg]
[gracethemes.com/demo/medplus/our-doctors/dr-sofia-sing/index.html]
[gracethemes.com/demo/medplus/wp-content/uploads/2015/12/doctor4.jpg]
[gracethemes.com/demo/medplus/our-doctors/dr-zeriff-dang/index.html]
[gracethemes.com/demo/medplus/wp-content/uploads/2015/12/doctor2.jpg]
[gracethemes.com/demo/medplus/our-doctors/dr-marry-diago/index.html]
[gracethemes.com/demo/medplus/wp-content/uploads/2015/12/doctor3.jpg]
[gracethemes.com/demo/medplus/uncategorized/nulla-consequat-massa/index.html]
[gracethemes.com/demo/medplus/wp-content/uploads/2015/08/gallerythum5.jpg]
[gracethemes.com/demo/medplus/uncategorized/lorem-ipsume-text/index.html]
[gracethemes.com/demo/medplus/wp-content/uploads/2015/08/gallerythum2.jpg]
[gracethemes.com/demo/medplus/uncategorized/dummy-post-here/index.html]
[gracethemes.com/demo/medplus/wp-content/uploads/2015/08/gallerythum3.jpg]
[gracethemes.com/demo/medplus/uncategorized/recent-post-title/index.html]
[gracethemes.com/demo/medplus/wp-content/uploads/2015/08/gallerythum7.jpg]
[gracethemes.com/demo/medplus/wp-content/themes/medplus-pro/images/testimonialsbg.jpg]
[gracethemes.com/demo/medplus/wp-content/themes/medplus-pro/images/client.jpg]
[gracethemes.com/demo/medplus/wp-content/themes/medplus-pro/images/dp-icon2.png]
[gracethemes.com/demo/medplus/wp-content/themes/medplus-pro/images/dp-icon4.png]
[gracethemes.com/demo/medplus/wp-content/themes/medplus-pro/images/dp-icon1.png]
[gracethemes.com/demo/medplus/wp-content/themes/medplus-pro/images/dp-icon3.png]
[gracethemes.com/demo/medplus/wp-content/themes/medplus-pro/images/dp-icon5.png]
[gracethemes.com/demo/medplus/wp-content/uploads/2015/08/gallerythum8.jpg]
[gracethemes.com/demo/medplus/wp-content/uploads/2015/08/gallerythum6.jpg]
[gracethemes.com/demo/medplus/wp-content/uploads/2015/08/gallerythum4.jpg]
[gracethemes.com/demo/medplus/wp-content/uploads/2015/08/gallerythum1.jpg]
[gracethemes.com/demo/medplus/wp-content/themes/medplus-pro/images/client-logo1.jpg]
[gracethemes.com/demo/medplus/wp-content/themes/medplus-pro/images/client-logo2.jpg]
[gracethemes.com/demo/medplus/wp-content/themes/medplus-pro/images/client-logo3.jpg]
[gracethemes.com/demo/medplus/wp-content/themes/medplus-pro/images/client-logo4.jpg]
[gracethemes.com/demo/medplus/wp-content/themes/medplus-pro/images/client-logo5.jpg]
[gracethemes.com/cdn-cgi/scripts/5c5dd728/cloudflare-static/email-decode.min.js]
[gracethemes.com/demo/medplus/wp-includes/js/wp-embed.min45f6.js]
[gracethemes.com/demo/medplus/index.html]
[gracethemes.com/demo/medplus/xmlrpc.php]
[gracethemes.com/cdn-cgi/scripts/7d0fa10a/cloudflare-static/rocket-loader.min.js]
[gracethemes.com/demo/medplus/wp-content/themes/medplus-pro/images/icon_quote.png]
[gracethemes.com/demo/medplus/wp-content/themes/medplus-pro/images/mobile_nav_right.png]
[gracethemes.com/demo/medplus/wp-content/themes/medplus-pro/images/search-icon.png]
[gracethemes.com/demo/medplus/wp-content/themes/medplus-pro/images/zoom-icon.png]
[gracethemes.com/demo/medplus/wp-content/themes/medplus-pro/images/sidebar-arrow.png]
[gracethemes.com/demo/medplus/wp-content/themes/medplus-pro/images/footer-arrow.png]
[gracethemes.com/demo/medplus/wp-content/themes/medplus-pro/images/up-arrow.png]
[gracethemes.com/demo/medplus/wp-content/themes/medplus-pro/style45f6.css]
[gracethemes.com/demo/medplus/wp-content/themes/medplus-pro/editor-style45f6.css]
[gracethemes.com/demo/medplus/wp-content/themes/medplus-pro/images/base/accordian-title.png]
[gracethemes.com/demo/medplus/wp-content/themes/medplus-pro/images/base/accordian-content-bg.png]
[gracethemes.com/demo/medplus/wp-content/themes/medplus-pro/css/default45f6.css]
[gracethemes.com/demo/medplus/wp-content/themes/medplus-pro/images/slide-nav.png]
[gracethemes.com/demo/medplus/wp-content/themes/medplus-pro/css/nivo-slider45f6.css]
[gracethemes.com/demo/medplus/wp-content/themes/medplus-pro/images/prettyPhoto/default/sprite.png]
[gracethemes.com/demo/medplus/wp-content/themes/medplus-pro/images/prettyPhoto/default/sprite_x.png]
[gracethemes.com/demo/medplus/wp-content/themes/medplus-pro/images/prettyPhoto/default/sprite_y.png]
[gracethemes.com/demo/medplus/wp-content/themes/medplus-pro/images/prettyPhoto/default/sprite_next.png]
[gracethemes.com/demo/medplus/wp-content/themes/medplus-pro/images/prettyPhoto/default/sprite_prev.png]
[gracethemes.com/demo/medplus/wp-content/themes/medplus-pro/images/prettyPhoto/default/default_thumb.png]
[gracethemes.com/demo/medplus/wp-content/themes/medplus-pro/images/prettyPhoto/default/loader.gif]
[gracethemes.com/demo/medplus/wp-content/themes/medplus-pro/images/prettyPhoto/light_rounded/sprite.png]
[gracethemes.com/demo/medplus/wp-content/themes/medplus-pro/images/prettyPhoto/light_rounded/btnNext.png]
[gracethemes.com/demo/medplus/wp-content/themes/medplus-pro/images/prettyPhoto/light_rounded/btnPrevious.png]
[gracethemes.com/demo/medplus/wp-content/themes/medplus-pro/images/prettyPhoto/dark_rounded/sprite.png]
[gracethemes.com/demo/medplus/wp-content/themes/medplus-pro/images/prettyPhoto/dark_rounded/contentPattern.png]
[gracethemes.com/demo/medplus/wp-content/themes/medplus-pro/images/prettyPhoto/dark_rounded/btnNext.png]
[gracethemes.com/demo/medplus/wp-content/themes/medplus-pro/images/prettyPhoto/dark_rounded/btnPrevious.png]
[gracethemes.com/demo/medplus/wp-content/themes/medplus-pro/images/prettyPhoto/dark_rounded/loader.gif]
[gracethemes.com/demo/medplus/wp-content/themes/medplus-pro/images/prettyPhoto/dark_square/loader.gif]
[gracethemes.com/demo/medplus/wp-content/themes/medplus-pro/images/prettyPhoto/dark_square/sprite.png]
[gracethemes.com/demo/medplus/wp-content/themes/medplus-pro/images/prettyPhoto/dark_square/btnNext.png]
[gracethemes.com/demo/medplus/wp-content/themes/medplus-pro/images/prettyPhoto/dark_square/btnPrevious.png]
[gracethemes.com/demo/medplus/wp-content/themes/medplus-pro/images/prettyPhoto/light_square/sprite.png]
[gracethemes.com/demo/medplus/wp-content/themes/medplus-pro/images/prettyPhoto/light_square/btnNext.png]
[gracethemes.com/demo/medplus/wp-content/themes/medplus-pro/images/prettyPhoto/light_square/btnPrevious.png]
[gracethemes.com/demo/medplus/wp-content/themes/medplus-pro/images/prettyPhoto/facebook/sprite.png]
[gracethemes.com/demo/medplus/wp-content/themes/medplus-pro/images/prettyPhoto/facebook/contentPatternTop.png]
[gracethemes.com/demo/medplus/wp-content/themes/medplus-pro/images/prettyPhoto/facebook/contentPatternLeft.png]
[gracethemes.com/demo/medplus/wp-content/themes/medplus-pro/images/prettyPhoto/facebook/contentPatternRight.png]
[gracethemes.com/demo/medplus/wp-content/themes/medplus-pro/images/prettyPhoto/facebook/loader.gif]
[gracethemes.com/demo/medplus/wp-content/themes/medplus-pro/images/prettyPhoto/facebook/btnNext.png]
[gracethemes.com/demo/medplus/wp-content/themes/medplus-pro/images/prettyPhoto/facebook/btnPrevious.png]
[gracethemes.com/demo/medplus/wp-content/themes/medplus-pro/images/prettyPhoto/facebook/contentPatternBottom.png]
[gracethemes.com/demo/medplus/wp-content/themes/medplus-pro/images/prettyPhoto/facebook/default_thumbnail.gif]
[gracethemes.com/demo/medplus/wp-content/themes/medplus-pro/images/prettyPhoto/light_rounded/loader.gif]
[gracethemes.com/demo/medplus/wp-content/themes/medplus-pro/css/prettyPhoto45f6.css]
[gracethemes.com/demo/medplus/wp-content/themes/medplus-pro/css/fonts/fontawesome-webfont3295.eot]
[gracethemes.com/demo/medplus/wp-content/themes/medplus-pro/css/fonts/fontawesome-webfontd41d.eot]
[gracethemes.com/demo/medplus/wp-content/themes/medplus-pro/css/fonts/fontawesome-webfont3295.woff2]
[gracethemes.com/demo/medplus/wp-content/themes/medplus-pro/css/fonts/fontawesome-webfont3295.woff]
[gracethemes.com/demo/medplus/wp-content/themes/medplus-pro/css/fonts/fontawesome-webfont3295.ttf]
[gracethemes.com/demo/medplus/wp-content/themes/medplus-pro/css/font-awesome45f6.css]
[gracethemes.com/demo/medplus/wp-content/themes/medplus-pro/css/animation45f6.css]
[gracethemes.com/demo/medplus/wp-content/themes/medplus-pro/css/fonts/fontawesome-webfont3295.svg]
[gracethemes.com/demo/medplus/wp-content/themes/medplus-pro/testimonialsrotator/images/quote.png]
[gracethemes.com/demo/medplus/wp-content/themes/medplus-pro/testimonialsrotator/images/arrow_prev.png]
[gracethemes.com/demo/medplus/wp-content/themes/medplus-pro/testimonialsrotator/images/arrow_next.png]
[gracethemes.com/demo/medplus/wp-content/themes/medplus-pro/testimonialsrotator/js/tm-rotator45f6.css]
[gracethemes.com/demo/medplus/wp-content/themes/medplus-pro/css/responsive45f6.css]
[gracethemes.com/demo/medplus/wp-content/themes/medplus-pro/testimonialsrotator/js/owl.video.play.png]
[gracethemes.com/demo/medplus/wp-content/themes/medplus-pro/images/client-arrow-prev.png]
[gracethemes.com/demo/medplus/wp-content/themes/medplus-pro/images/client-arrow-next.png]
[gracethemes.com/demo/medplus/wp-content/themes/medplus-pro/testimonialsrotator/js/owl.carousel45f6.css]
[gracethemes.com/demo/medplus/wp-json/oembed/1.0/embedbbe6.json]
[gracethemes.com/demo/medplus/about/feed/index.html]
[gracethemes.com/demo/medplus/wp-json/oembed/1.0/embed3625]
[gracethemes.com/demo/medplus/wp-content/themes/medplus-pro/images/default-banner.jpg]
[gracethemes.com/demo/medplus/about/index.html]
[gracethemes.com/demo/medplus/wp-includes/js/comment-reply.min45f6.js]
[gracethemes.com/demo/medplus/wp-json/oembed/1.0/embed0d28.json]
[gracethemes.com/demo/medplus/services/feed/index.html]
[gracethemes.com/demo/medplus/services/index.html]
[gracethemes.com/demo/medplus/wp-json/oembed/1.0/embed154d]
[gracethemes.com/demo/medplus/2015/08/index.html]
[gracethemes.com/demo/medplus/category/uncategorized/index.html]
[gracethemes.com/demo/medplus/2015/06/index.html]
[gracethemes.com/demo/medplus/left-sidebar/feed/index.html]
[gracethemes.com/demo/medplus/wp-json/oembed/1.0/embed2f93.json]
[gracethemes.com/demo/medplus/left-sidebar/index.html]
[gracethemes.com/demo/medplus/wp-json/oembed/1.0/embed272c]
[gracethemes.com/demo/medplus/right-sidebar/feed/index.html]
[gracethemes.com/demo/medplus/wp-json/oembed/1.0/embed1036.json]
[gracethemes.com/demo/medplus/right-sidebar/index.html]
[gracethemes.com/demo/medplus/wp-json/oembed/1.0/embed1186]
[gracethemes.com/demo/medplus/full-width/feed/index.html]
[gracethemes.com/demo/medplus/wp-json/oembed/1.0/embedd401.json]
[gracethemes.com/demo/medplus/full-width/index.html]
[gracethemes.com/demo/medplus/wp-json/oembed/1.0/embedbf18]
[gracethemes.com/demo/medplus/no-sidebar/feed/index.html]
[gracethemes.com/demo/medplus/wp-json/oembed/1.0/embedde12.json]
[gracethemes.com/demo/medplus/no-sidebar/index.html]
[gracethemes.com/demo/medplus/wp-json/oembed/1.0/embed941e]
[gracethemes.com/demo/medplus/blog-left-sidebar/feed/index.html]
[gracethemes.com/demo/medplus/wp-json/oembed/1.0/embedcb37.json]
[gracethemes.com/demo/medplus/wp-json/oembed/1.0/embede447]
[gracethemes.com/demo/medplus/wp-content/uploads/2015/08/gallerythum5-300x199.jpg]
[gracethemes.com/demo/medplus/wp-content/uploads/2015/08/gallerythum2-300x199.jpg]
[gracethemes.com/demo/medplus/wp-content/uploads/2015/08/gallerythum3-300x199.jpg]
[gracethemes.com/demo/medplus/wp-content/uploads/2015/08/gallerythum7-300x199.jpg]
[gracethemes.com/demo/medplus/uncategorized/hello-world-2/index.html]
[gracethemes.com/demo/medplus/wp-content/uploads/2015/08/gallerythum8-300x199.jpg]
[gracethemes.com/demo/medplus/blog-left-sidebar/index.html]
[gracethemes.com/demo/medplus/wp-login.html]
[gracethemes.com/demo/medplus/wp-json/oembed/1.0/embed233f.json]
[gracethemes.com/demo/medplus/blog-right-sidebar/feed/index.html]
[gracethemes.com/demo/medplus/blog-right-sidebar/index.html]
[gracethemes.com/demo/medplus/wp-json/oembed/1.0/embed14ba]
[gracethemes.com/demo/medplus/blog-full-width/feed/index.html]
[gracethemes.com/demo/medplus/wp-json/oembed/1.0/embed5b9e.json]
[gracethemes.com/demo/medplus/blog-full-width/index.html]
[gracethemes.com/demo/medplus/wp-json/oembed/1.0/embed5fbf]
[gracethemes.com/demo/medplus/blog-no-sidebar/feed/index.html]
[gracethemes.com/demo/medplus/wp-json/oembed/1.0/embed8b95.json]
[gracethemes.com/demo/medplus/blog-no-sidebar/index.html]
[gracethemes.com/demo/medplus/wp-json/oembed/1.0/embedbdef]
[gracethemes.com/demo/medplus/portfolio/feed/index.html]
[gracethemes.com/demo/medplus/wp-json/oembed/1.0/embedd462.json]
[gracethemes.com/demo/medplus/portfolio/index.html]
[gracethemes.com/demo/medplus/wp-json/oembed/1.0/embed08fc]
[gracethemes.com/demo/medplus/contact-us/feed/index.html]
[gracethemes.com/demo/medplus/wp-json/oembed/1.0/embedd411.json]
[gracethemes.com/demo/medplus/contact-us/index.html]
[gracethemes.com/demo/medplus/wp-json/oembed/1.0/embedab4b]
[gracethemes.com/demo/medplus/wp-json/oembed/1.0/embed1f35.json]
[gracethemes.com/demo/medplus/wp-json/oembed/1.0/embed7708]
[gracethemes.com/demo/medplus/wp-content/uploads/2015/12/doctor1-257x300.jpg]
[gracethemes.com/demo/medplus/our-doctors/dr-merexi-windrop/index.html]
[gracethemes.com/demo/medplus/wp-json/oembed/1.0/embed38c3.json]
[gracethemes.com/demo/medplus/wp-json/oembed/1.0/embed942d]
[gracethemes.com/demo/medplus/wp-content/uploads/2015/12/doctor4-257x300.jpg]
[gracethemes.com/demo/medplus/our-doctors/dr-sofia-sing/index.html]
[gracethemes.com/demo/medplus/wp-json/oembed/1.0/embed9673.json]
[gracethemes.com/demo/medplus/wp-json/oembed/1.0/embedbe99]
[gracethemes.com/demo/medplus/wp-content/uploads/2015/12/doctor2-257x300.jpg]
[gracethemes.com/demo/medplus/our-doctors/dr-zeriff-dang/index.html]
[gracethemes.com/demo/medplus/wp-json/oembed/1.0/embed96b8.json]
[gracethemes.com/demo/medplus/wp-json/oembed/1.0/embed133d]
[gracethemes.com/demo/medplus/wp-content/uploads/2015/12/doctor3-257x300.jpg]
[gracethemes.com/demo/medplus/our-doctors/dr-marry-diago/index.html]
[gracethemes.com/demo/medplus/uncategorized/nulla-consequat-massa/feed/index.html]
[gracethemes.com/demo/medplus/wp-json/oembed/1.0/embed319e.json]
[gracethemes.com/demo/medplus/uncategorized/nulla-consequat-massa/index.html]
[gracethemes.com/demo/medplus/wp-json/oembed/1.0/embeda52d]
[gracethemes.com/demo/medplus/wp-json/oembed/1.0/embedcdfe.json]
[gracethemes.com/demo/medplus/uncategorized/lorem-ipsume-text/feed/index.html]
[gracethemes.com/demo/medplus/uncategorized/lorem-ipsume-text/index.html]
[gracethemes.com/demo/medplus/wp-json/oembed/1.0/embedf10b]
[gracethemes.com/demo/medplus/wp-json/oembed/1.0/embed997a.json]
[gracethemes.com/demo/medplus/uncategorized/dummy-post-here/feed/index.html]
[gracethemes.com/demo/medplus/uncategorized/dummy-post-here/index.html]
[gracethemes.com/demo/medplus/wp-json/oembed/1.0/embed97bf]
[gracethemes.com/demo/medplus/wp-json/oembed/1.0/embedd7c8.json]
[gracethemes.com/demo/medplus/uncategorized/recent-post-title/feed/index.html]
[gracethemes.com/demo/medplus/uncategorized/recent-post-title/index.html]
[gracethemes.com/demo/medplus/wp-content/themes/medplus-pro/images/base/accordian-title.html]
[gracethemes.com/demo/medplus/wp-content/themes/medplus-pro/images/base/accordian-content-bg.html]
[gracethemes.com/demo/medplus/wp-content/themes/medplus-pro/css/fonts/fontawesome-webfont3295.svg]
[gracethemes.com/demo/medplus/wp-content/themes/medplus-pro/testimonialsrotator/js/owl.video.play.html]
[gracethemes.com/demo/medplus/index9873.html]
[gracethemes.com/demo/medplus/index2dc4.html]
[gracethemes.com/demo/medplus/wp-json/oembed/1.0/embedd7a4]
[gracethemes.com/demo/medplus/category/uncategorized/index.html]
[gracethemes.com/demo/medplus/2015/08/index.html]
[gracethemes.com/demo/medplus/2015/06/index.html]
[gracethemes.com/demo/medplus/index5757.html]
[gracethemes.com/demo/medplus/index735a.html]
[gracethemes.com/demo/medplus/index5cfa.html]
[gracethemes.com/demo/medplus/indexb6ad.html]
[gracethemes.com/demo/medplus/indexd78c.html]
[gracethemes.com/demo/medplus/category/uncategorized/feed/index.html]
[gracethemes.com/demo/medplus/uncategorized/hello-world-2/feed/index.html]
[gracethemes.com/demo/medplus/wp-json/oembed/1.0/embed06ae.json]
[gracethemes.com/demo/medplus/uncategorized/hello-world-2/index.html]
[gracethemes.com/demo/medplus/wp-json/oembed/1.0/embed3f1b]
[gracethemes.com/demo/medplus/uncategorized/hello-world-2/index0e22.html]
[gracethemes.com/demo/medplus/wp-loginc2b6.html]
[gracethemes.com/demo/medplus/wp-login.html]
[gracethemes.com/demo/medplus/indexb8c4.html]
[gracethemes.com/demo/medplus/indexe887.html]
[gracethemes.com/demo/medplus/index8b4e.html]
[gracethemes.com/demo/medplus/indexa1ca.html]
[gracethemes.com/demo/medplus/indexd8eb.html]
[gracethemes.com/demo/medplus/index90dd.html]
[gracethemes.com/demo/medplus/indexd251.html]
[gracethemes.com/demo/medplus/indexc524.html]
[gracethemes.com/demo/medplus/index7d69.html]
[gracethemes.com/demo/medplus/index94b0.html]
[gracethemes.com/demo/medplus/indexcbb6.html]
[gracethemes.com/demo/medplus/index1e7e.html]
[gracethemes.com/demo/medplus/index1c4a.html]
[gracethemes.com/demo/medplus/wp-admin/load-stylesda50.css]
[gracethemes.com/demo/medplus/indexcfe0.html]
[gracethemes.com/demo/medplus/uncategorized/hello-world-2/index0e22.html]
[gracethemes.com/demo/medplus/wp-includes/fonts/dashicons.eot]
[gracethemes.com/demo/medplus/wp-admin/images/loading.gif]
[gracethemes.com/demo/medplus/wp-admin/images/w-logo-blue7a53.png]
[gracethemes.com/demo/medplus/wp-admin/load-stylesda50.css]
[gracethemes.com/demo/medplus/wp-admin/images/wordpress-logo7d6b.svg]
[gracethemes.com/demo/medplus/wp-admin/index.html]
[gracethemes.com/demo/medplus/wp-loginc2b6.html]
[gracethemes.com/demo/medplus/wp-admin/images/wordpress-logo7d6b.svg]
[gracethemes.com/demo/medplus/wp-logine6d2.html]
[gracethemes.com/demo/medplus/wp-admin/&reauth=1]
[gracethemes.com/demo/medplus/wp-logine6d2.html]
[gracethemes.com/demo/medplus/wp-admin/&reauth=1.html]
